[0802/205909.241:INFO:CONSOLE(0)] "Error with Permissions-Policy header: Feature xr-spatial-tracking's parameters are ignored.", source:  (0)
[0802/205909.241:INFO:CONSOLE(0)] "Error with Permissions-Policy header: Origin trial controlled feature not enabled: 'attribution-reporting'.", source:  (0)
[0802/205909.242:INFO:CONSOLE(0)] "Error with Permissions-Policy header: Unrecognized feature: 'bluetooth'.", source:  (0)
[0802/205909.242:INFO:CONSOLE(0)] "Error with Permissions-Policy header: Unrecognized feature: 'ch-save-data'.", source:  (0)
[0802/205909.242:INFO:CONSOLE(0)] "Error with Permissions-Policy header: Origin trial controlled feature not enabled: 'ch-viewport-height'.", source:  (0)
[0802/205909.242:INFO:CONSOLE(0)] "Error with Permissions-Policy header: Unrecognized feature: 'compute-pressure'.", source:  (0)
[0802/205909.242:INFO:CONSOLE(0)] "Error with Permissions-Policy header: Unrecognized feature: 'gamepad'.", source:  (0)
[0802/205909.242:INFO:CONSOLE(0)] "Error with Permissions-Policy header: Unrecognized feature: 'interest-cohort'.", source:  (0)
[0802/205909.242:INFO:CONSOLE(0)] "Error with Permissions-Policy header: Unrecognized feature: 'local-fonts'.", source:  (0)
[0802/205909.242:INFO:CONSOLE(0)] "Error with Permissions-Policy header: Unrecognized feature: 'private-state-token-issuance'.", source:  (0)
[0802/205909.242:INFO:CONSOLE(0)] "Error with Permissions-Policy header: Unrecognized feature: 'shared-storage'.", source:  (0)
[0802/205909.242:INFO:CONSOLE(0)] "Error with Permissions-Policy header: Unrecognized feature: 'shared-storage-select-url'.", source:  (0)
[0802/205909.242:INFO:CONSOLE(0)] "Error with Permissions-Policy header: Unrecognized feature: 'private-state-token-redemption'.", source:  (0)
[0802/205909.242:INFO:CONSOLE(0)] "Error with Permissions-Policy header: Unrecognized feature: 'unload'.", source:  (0)
[0802/205909.242:INFO:CONSOLE(0)] "Error with Permissions-Policy header: Unrecognized feature: 'window-management'.", source:  (0)
[0802/205909.244:INFO:CONSOLE(0)] "Document-Policy HTTP header: Unrecognized document policy feature name include-js-call-stacks-in-crash-reports.", source: https://web.whatsapp.com/ (0)
[0802/205911.000:INFO:CONSOLE(163)] "Event handler of 'x-storagemutated-1' event must be added on the initial evaluation of worker script.", source: https://static.whatsapp.net/rsrc.php/v4/yP/r/oQNa3Ff_q72.js (163)
[0802/205942.086:INFO:CONSOLE(163)] "Event handler of 'x-storagemutated-1' event must be added on the initial evaluation of worker script.", source: https://static.whatsapp.net/rsrc.php/v4/yP/r/oQNa3Ff_q72.js (163)
[0802/205951.056:INFO:CONSOLE(76)] "ErrorUtils caught an error:

Converting to a string will drop content data. Hash="undefined" Translation="{author} entrou neste grupo através da comunidade" Content="{"key":null,"ref":null,"props":{"contact":{"id":"554399552863@c.us","type":"in","isBusiness":false,"isEnterprise":false,"isSmb":false,"textStatusLastUpdateTime":-1,"syncToAddressbook":false},"showNotifyName":true,"elevatedPushNamesEnabled":true,"onCl" (type=object,Object)

Subsequent non-fatal errors won't be logged; see https://fburl.com/debugjs. [object Object]", source: https://static.whatsapp.net/rsrc.php/v4/yr/r/J1cvVFvJik0.js (76)
[0802/210055.991:INFO:CONSOLE(0)] "Uncaught (in promise) DbEncKeyNotLoadedError: MasterDatabaseEncryptionKey.fts_hmac_keys was accessed before init", source: https://web.whatsapp.com/static_resources/webworker_v1/init_script/?__hs=20302.HYP%3Awhatsapp_comet_pkg.2.1...0&__spin_r=1025458440&__spin_b=trunk&__spin_t=1754179150 (0)
[0802/210056.170:INFO:CONSOLE(308)] "Uncaught (in promise) NotInitializedError", source: https://static.whatsapp.net/rsrc.php/v4/yY/r/f6ZRRYQ_Gsr.js (308)
[0802/210056.171:INFO:CONSOLE(76)] "Uncaught (in promise) Error: Unexpected null or undefined: me", source: https://static.whatsapp.net/rsrc.php/v4/yr/r/J1cvVFvJik0.js (76)
[0802/210056.316:INFO:CONSOLE(0)] "Error with Permissions-Policy header: Feature xr-spatial-tracking's parameters are ignored.", source:  (0)
[0802/210056.316:INFO:CONSOLE(0)] "Error with Permissions-Policy header: Origin trial controlled feature not enabled: 'attribution-reporting'.", source:  (0)
[0802/210056.316:INFO:CONSOLE(0)] "Error with Permissions-Policy header: Unrecognized feature: 'bluetooth'.", source:  (0)
[0802/210056.316:INFO:CONSOLE(0)] "Error with Permissions-Policy header: Unrecognized feature: 'ch-save-data'.", source:  (0)
[0802/210056.316:INFO:CONSOLE(0)] "Error with Permissions-Policy header: Origin trial controlled feature not enabled: 'ch-viewport-height'.", source:  (0)
[0802/210056.317:INFO:CONSOLE(0)] "Error with Permissions-Policy header: Unrecognized feature: 'compute-pressure'.", source:  (0)
[0802/210056.317:INFO:CONSOLE(0)] "Error with Permissions-Policy header: Unrecognized feature: 'gamepad'.", source:  (0)
[0802/210056.317:INFO:CONSOLE(0)] "Error with Permissions-Policy header: Unrecognized feature: 'interest-cohort'.", source:  (0)
[0802/210056.317:INFO:CONSOLE(0)] "Error with Permissions-Policy header: Unrecognized feature: 'local-fonts'.", source:  (0)
[0802/210056.317:INFO:CONSOLE(0)] "Error with Permissions-Policy header: Unrecognized feature: 'private-state-token-issuance'.", source:  (0)
[0802/210056.317:INFO:CONSOLE(0)] "Error with Permissions-Policy header: Unrecognized feature: 'shared-storage'.", source:  (0)
[0802/210056.317:INFO:CONSOLE(0)] "Error with Permissions-Policy header: Unrecognized feature: 'shared-storage-select-url'.", source:  (0)
[0802/210056.317:INFO:CONSOLE(0)] "Error with Permissions-Policy header: Unrecognized feature: 'private-state-token-redemption'.", source:  (0)
[0802/210056.317:INFO:CONSOLE(0)] "Error with Permissions-Policy header: Unrecognized feature: 'unload'.", source:  (0)
[0802/210056.317:INFO:CONSOLE(0)] "Error with Permissions-Policy header: Unrecognized feature: 'window-management'.", source:  (0)
[0802/210056.320:INFO:CONSOLE(0)] "Document-Policy HTTP header: Unrecognized document policy feature name include-js-call-stacks-in-crash-reports.", source: https://web.whatsapp.com/ (0)
